<?xml version="1.0" encoding="UTF-8"?>
<testng-results skipped="0" failed="0" ignored="0" total="1" passed="1">
  <reporter-output>
  </reporter-output>
  <suite name="Default suite" duration-ms="9226" started-at="2021-10-13T14:19:13Z" finished-at="2021-10-13T14:19:22Z">
    <groups>
    </groups>
    <test name="Default test" duration-ms="9226" started-at="2021-10-13T14:19:13Z" finished-at="2021-10-13T14:19:22Z">
      <class name="org.iit.healthcare.selassingments.Top5Gainers">
        <test-method status="PASS" signature="validateData()[pri:0, instance:org.iit.healthcare.selassingments.Top5Gainers@45b9a632]" name="validateData" duration-ms="9147" started-at="2021-10-13T14:19:13Z" finished-at="2021-10-13T14:19:22Z">
          <reporter-output>
          </reporter-output>
        </test-method> <!-- validateData -->
      </class> <!-- org.iit.healthcare.selassingments.Top5Gainers -->
    </test> <!-- Default test -->
  </suite> <!-- Default suite -->
</testng-results>
